Determining if the pthread_create exist failed with the following output:
Change Dir: /home/francesco/ros_ws_handshake/build/CMakeFiles/CMakeTmp

Run Build Command:/usr/bin/make "cmTryCompileExec1349547182/fast"
/usr/bin/make -f CMakeFiles/cmTryCompileExec1349547182.dir/build.make CMakeFiles/cmTryCompileExec1349547182.dir/build
make[1]: Entering directory `/home/francesco/ros_ws_handshake/build/CMakeFiles/CMakeTmp'
/usr/bin/cmake -E cmake_progress_report /home/francesco/ros_ws_handshake/build/CMakeFiles/CMakeTmp/CMakeFiles 1
Building C object CMakeFiles/cmTryCompileExec1349547182.dir/CheckSymbolExists.c.o
/usr/bin/cc    -o CMakeFiles/cmTryCompileExec1349547182.dir/CheckSymbolExists.c.o   -c /home/francesco/ros_ws_handshake/build/CMakeFiles/CMakeTmp/CheckSymbolExists.c
Linking C executable cmTryCompileExec1349547182
/usr/bin/cmake -E cmake_link_script CMakeFiles/cmTryCompileExec1349547182.dir/link.txt --verbose=1
/usr/bin/cc       CMakeFiles/cmTryCompileExec1349547182.dir/CheckSymbolExists.c.o  -o cmTryCompileExec1349547182 -rdynamic 
CMakeFiles/cmTryCompileExec1349547182.dir/CheckSymbolExists.c.o: In function `main':
CheckSymbolExists.c:(.text+0x16): undefined reference to `pthread_create'
collect2: error: ld returned 1 exit status
make[1]: *** [cmTryCompileExec1349547182] Error 1
make[1]: Leaving directory `/home/francesco/ros_ws_handshake/build/CMakeFiles/CMakeTmp'
make: *** [cmTryCompileExec1349547182/fast] Error 2

File /home/francesco/ros_ws_handshake/build/CMakeFiles/CMakeTmp/CheckSymbolExists.c:
/* */
#include <pthread.h>

int main(int argc, char** argv)
{
  (void)argv;
#ifndef pthread_create
  return ((int*)(&pthread_create))[argc];
#else
  (void)argc;
  return 0;
#endif
}

Determining if the function pthread_create exists in the pthreads failed with the following output:
Change Dir: /home/francesco/ros_ws_handshake/build/CMakeFiles/CMakeTmp

Run Build Command:/usr/bin/make "cmTryCompileExec529432317/fast"
/usr/bin/make -f CMakeFiles/cmTryCompileExec529432317.dir/build.make CMakeFiles/cmTryCompileExec529432317.dir/build
make[1]: Entering directory `/home/francesco/ros_ws_handshake/build/CMakeFiles/CMakeTmp'
/usr/bin/cmake -E cmake_progress_report /home/francesco/ros_ws_handshake/build/CMakeFiles/CMakeTmp/CMakeFiles 1
Building C object CMakeFiles/cmTryCompileExec529432317.dir/CheckFunctionExists.c.o
/usr/bin/cc   -DCHECK_FUNCTION_EXISTS=pthread_create   -o CMakeFiles/cmTryCompileExec529432317.dir/CheckFunctionExists.c.o   -c /usr/share/cmake-2.8/Modules/CheckFunctionExists.c
Linking C executable cmTryCompileExec529432317
/usr/bin/cmake -E cmake_link_script CMakeFiles/cmTryCompileExec529432317.dir/link.txt --verbose=1
/usr/bin/cc   -DCHECK_FUNCTION_EXISTS=pthread_create    CMakeFiles/cmTryCompileExec529432317.dir/CheckFunctionExists.c.o  -o cmTryCompileExec529432317 -rdynamic -lpthreads 
/usr/bin/ld: cannot find -lpthreads
collect2: error: ld returned 1 exit status
make[1]: *** [cmTryCompileExec529432317] Error 1
make[1]: Leaving directory `/home/francesco/ros_ws_handshake/build/CMakeFiles/CMakeTmp'
make: *** [cmTryCompileExec529432317/fast] Error 2


